2023-09-02 05:07:02.018 [info] Extension host with pid 124395 started
2023-09-02 05:07:02.169 [info] Lock '/home/nwaudiovideo/.vscode-server/data/User/workspaceStorage/c5aa22ad37ac6dd1eaf7066237ae0256/vscode.lock': Lock acquired.
2023-09-02 05:07:02.271 [info] ExtensionService#_doActivateExtension vscode.git-base, startup: true, activationEvent: '*'
2023-09-02 05:07:02.434 [info] ExtensionService#_doActivateExtension vscode.github, startup: true, activationEvent: '*'
2023-09-02 05:07:02.865 [info] Eager extensions activated
2023-09-02 05:07:02.866 [info] ExtensionService#_doActivateExtension vscode.debug-auto-launch, startup: false, activationEvent: 'onStartupFinished'
2023-09-02 05:07:02.867 [info] ExtensionService#_doActivateExtension vscode.merge-conflict, startup: false, activationEvent: 'onStartupFinished'
2023-09-02 05:07:04.708 [info] ExtensionService#_doActivateExtension vscode.git, startup: false, activationEvent: 'api', root cause: vscode.github
2023-09-02 05:07:22.822 [warning] [Decorations] CAPPING events from decorations provider vscode.git 1667
2023-09-02 05:07:23.590 [info] ExtensionService#_doActivateExtension vscode.emmet, startup: false, activationEvent: 'onLanguage'
2023-09-02 05:07:23.753 [warning] [Decorations] CAPPING events from decorations provider vscode.git 1667
2023-09-02 05:07:27.778 [warning] [Decorations] CAPPING events from decorations provider vscode.git 1667
2023-09-02 05:07:32.907 [warning] [Decorations] CAPPING events from decorations provider vscode.git 1667
2023-09-02 05:07:38.017 [warning] [Decorations] CAPPING events from decorations provider vscode.git 1667
2023-09-02 05:07:43.128 [warning] [Decorations] CAPPING events from decorations provider vscode.git 1667
2023-09-02 05:07:48.295 [warning] [Decorations] CAPPING events from decorations provider vscode.git 1667
2023-09-02 05:07:53.424 [warning] [Decorations] CAPPING events from decorations provider vscode.git 1667
2023-09-02 05:07:58.557 [warning] [Decorations] CAPPING events from decorations provider vscode.git 1667
2023-09-02 05:08:03.713 [warning] [Decorations] CAPPING events from decorations provider vscode.git 1667
2023-09-02 05:08:08.825 [warning] [Decorations] CAPPING events from decorations provider vscode.git 1667
2023-09-02 05:08:13.937 [warning] [Decorations] CAPPING events from decorations provider vscode.git 1667
2023-09-02 05:08:19.078 [warning] [Decorations] CAPPING events from decorations provider vscode.git 1667
2023-09-02 05:08:24.217 [warning] [Decorations] CAPPING events from decorations provider vscode.git 1667
2023-09-02 05:08:29.373 [warning] [Decorations] CAPPING events from decorations provider vscode.git 1667
2023-09-02 05:08:34.491 [warning] [Decorations] CAPPING events from decorations provider vscode.git 1667
2023-09-02 05:08:39.627 [warning] [Decorations] CAPPING events from decorations provider vscode.git 1667
2023-09-02 05:08:40.665 [warning] [Decorations] CAPPING events from decorations provider vscode.git 1667
2023-09-02 05:08:44.758 [warning] [Decorations] CAPPING events from decorations provider vscode.git 1667
2023-09-02 05:08:51.105 [warning] [Decorations] CAPPING events from decorations provider vscode.git 1667
2023-09-02 05:08:56.258 [warning] [Decorations] CAPPING events from decorations provider vscode.git 1667
2023-09-02 05:09:01.913 [warning] [Decorations] CAPPING events from decorations provider vscode.git 1667
2023-09-02 05:09:07.066 [warning] [Decorations] CAPPING events from decorations provider vscode.git 1667
2023-09-02 05:09:11.958 [warning] [Decorations] CAPPING events from decorations provider vscode.git 1667
2023-09-02 05:09:12.451 [warning] [Decorations] CAPPING events from decorations provider vscode.git 1667
2023-09-02 05:09:17.550 [warning] [Decorations] CAPPING events from decorations provider vscode.git 1667
2023-09-02 05:09:23.147 [warning] [Decorations] CAPPING events from decorations provider vscode.git 1667
2023-09-02 05:09:28.242 [warning] [Decorations] CAPPING events from decorations provider vscode.git 1666
2023-09-02 05:09:33.367 [warning] [Decorations] CAPPING events from decorations provider vscode.git 1666
2023-09-02 05:09:38.490 [warning] [Decorations] CAPPING events from decorations provider vscode.git 1666
2023-09-02 05:09:43.693 [warning] [Decorations] CAPPING events from decorations provider vscode.git 1666
2023-09-02 05:09:50.263 [warning] [Decorations] CAPPING events from decorations provider vscode.git 1666
2023-09-02 05:09:55.379 [warning] [Decorations] CAPPING events from decorations provider vscode.git 1666
2023-09-02 05:09:56.260 [warning] [Decorations] CAPPING events from decorations provider vscode.git 1666
2023-09-02 05:10:00.552 [warning] [Decorations] CAPPING events from decorations provider vscode.git 1666
2023-09-02 05:10:05.697 [warning] [Decorations] CAPPING events from decorations provider vscode.git 1666
2023-09-02 05:10:10.814 [warning] [Decorations] CAPPING events from decorations provider vscode.git 1666
2023-09-02 05:10:15.924 [warning] [Decorations] CAPPING events from decorations provider vscode.git 1666
2023-09-02 05:10:21.050 [warning] [Decorations] CAPPING events from decorations provider vscode.git 1666
2023-09-02 05:10:26.184 [warning] [Decorations] CAPPING events from decorations provider vscode.git 1666
2023-09-02 05:10:31.326 [warning] [Decorations] CAPPING events from decorations provider vscode.git 1666
2023-09-02 05:10:36.482 [warning] [Decorations] CAPPING events from decorations provider vscode.git 1666
2023-09-02 05:10:41.602 [warning] [Decorations] CAPPING events from decorations provider vscode.git 1666
2023-09-02 05:10:46.721 [warning] [Decorations] CAPPING events from decorations provider vscode.git 1666
2023-09-02 05:10:51.843 [warning] [Decorations] CAPPING events from decorations provider vscode.git 1666
2023-09-02 05:10:57.035 [warning] [Decorations] CAPPING events from decorations provider vscode.git 1666
2023-09-02 05:11:02.143 [warning] [Decorations] CAPPING events from decorations provider vscode.git 1666
2023-09-02 05:11:07.256 [warning] [Decorations] CAPPING events from decorations provider vscode.git 1666
2023-09-02 05:11:12.358 [warning] [Decorations] CAPPING events from decorations provider vscode.git 1666
2023-09-02 05:11:17.627 [warning] [Decorations] CAPPING events from decorations provider vscode.git 1666
2023-09-02 05:11:22.734 [warning] [Decorations] CAPPING events from decorations provider vscode.git 1666
2023-09-02 05:11:27.953 [warning] [Decorations] CAPPING events from decorations provider vscode.git 1666
2023-09-02 05:11:33.226 [warning] [Decorations] CAPPING events from decorations provider vscode.git 1666
2023-09-02 05:11:38.336 [warning] [Decorations] CAPPING events from decorations provider vscode.git 1666
2023-09-02 05:11:43.541 [warning] [Decorations] CAPPING events from decorations provider vscode.git 1666
2023-09-02 05:11:48.635 [warning] [Decorations] CAPPING events from decorations provider vscode.git 1666
2023-09-02 05:11:53.746 [warning] [Decorations] CAPPING events from decorations provider vscode.git 1666
2023-09-02 05:11:54.572 [warning] [Decorations] CAPPING events from decorations provider vscode.git 1666
2023-09-02 05:11:58.927 [warning] [Decorations] CAPPING events from decorations provider vscode.git 1666
2023-09-02 05:12:04.043 [warning] [Decorations] CAPPING events from decorations provider vscode.git 1666
2023-09-02 05:12:05.421 [info] ExtensionService#_doActivateExtension ms-vscode.js-debug, startup: false, activationEvent: 'onTerminalProfile:extension.js-debug.debugTerminal'
2023-09-02 05:12:09.241 [warning] [Decorations] CAPPING events from decorations provider vscode.git 1666
2023-09-02 05:12:14.380 [warning] [Decorations] CAPPING events from decorations provider vscode.git 1666
2023-09-02 05:12:19.648 [warning] [Decorations] CAPPING events from decorations provider vscode.git 1666
2023-09-02 05:12:24.898 [warning] [Decorations] CAPPING events from decorations provider vscode.git 1666
2023-09-02 05:12:30.021 [warning] [Decorations] CAPPING events from decorations provider vscode.git 1666
2023-09-02 05:12:35.154 [warning] [Decorations] CAPPING events from decorations provider vscode.git 1666
2023-09-02 05:12:40.306 [warning] [Decorations] CAPPING events from decorations provider vscode.git 1666
2023-09-02 05:12:45.405 [warning] [Decorations] CAPPING events from decorations provider vscode.git 1666
2023-09-02 05:12:50.511 [warning] [Decorations] CAPPING events from decorations provider vscode.git 1666
2023-09-02 05:12:55.633 [warning] [Decorations] CAPPING events from decorations provider vscode.git 1666
2023-09-02 05:13:15.095 [warning] [Decorations] CAPPING events from decorations provider vscode.git 1666
2023-09-02 05:13:20.245 [warning] [Decorations] CAPPING events from decorations provider vscode.git 1666
2023-09-02 05:13:25.387 [warning] [Decorations] CAPPING events from decorations provider vscode.git 1666
2023-09-02 05:13:33.076 [warning] [Decorations] CAPPING events from decorations provider vscode.git 1666
2023-09-02 05:13:38.213 [warning] [Decorations] CAPPING events from decorations provider vscode.git 1666
2023-09-02 05:13:43.328 [warning] [Decorations] CAPPING events from decorations provider vscode.git 1666
2023-09-02 05:13:44.324 [info] ExtensionService#_doActivateExtension vscode.npm, startup: false, activationEvent: 'onTerminalQuickFixRequest:ms-vscode.npm-command'
2023-09-02 05:13:48.449 [warning] [Decorations] CAPPING events from decorations provider vscode.git 1666
2023-09-02 05:13:53.549 [warning] [Decorations] CAPPING events from decorations provider vscode.git 1666
2023-09-02 05:13:58.666 [warning] [Decorations] CAPPING events from decorations provider vscode.git 1666
2023-09-02 05:14:58.994 [warning] [Decorations] CAPPING events from decorations provider vscode.git 1666
2023-09-02 05:15:04.152 [warning] [Decorations] CAPPING events from decorations provider vscode.git 1666
2023-09-02 05:15:09.259 [warning] [Decorations] CAPPING events from decorations provider vscode.git 1666
2023-09-02 05:15:14.361 [warning] [Decorations] CAPPING events from decorations provider vscode.git 1666
2023-09-02 05:15:19.501 [warning] [Decorations] CAPPING events from decorations provider vscode.git 1666
2023-09-02 05:15:24.609 [warning] [Decorations] CAPPING events from decorations provider vscode.git 1666
2023-09-02 05:15:52.119 [warning] [Decorations] CAPPING events from decorations provider vscode.git 1666
2023-09-02 05:15:52.812 [info] Extension host terminating: received terminate message from renderer
2023-09-02 05:15:52.813 [info] Lock '/home/nwaudiovideo/.vscode-server/data/User/workspaceStorage/c5aa22ad37ac6dd1eaf7066237ae0256/vscode.lock': Marking the lockfile as scheduled to be released in 6000 ms.
2023-09-02 05:15:52.858 [error] Canceled: Canceled
	at new h (/home/nwaudiovideo/.vscode-server/bin/6c3e3dba23e8fadc360aed75ce363ba185c49794/out/vs/workbench/api/node/extensionHostProcess.js:103:56634)
	at t.O (/home/nwaudiovideo/.vscode-server/bin/6c3e3dba23e8fadc360aed75ce363ba185c49794/out/vs/workbench/api/node/extensionHostProcess.js:115:8020)
	at Proxy.N.<computed>.T.charCodeAt.N.<computed> (/home/nwaudiovideo/.vscode-server/bin/6c3e3dba23e8fadc360aed75ce363ba185c49794/out/vs/workbench/api/node/extensionHostProcess.js:115:5459)
	at a.g (/home/nwaudiovideo/.vscode-server/bin/6c3e3dba23e8fadc360aed75ce363ba185c49794/out/vs/workbench/api/node/extensionHostProcess.js:103:77241)
	at a.executeCommand (/home/nwaudiovideo/.vscode-server/bin/6c3e3dba23e8fadc360aed75ce363ba185c49794/out/vs/workbench/api/node/extensionHostProcess.js:103:76679)
	at w.registerCommand.description (/home/nwaudiovideo/.vscode-server/bin/6c3e3dba23e8fadc360aed75ce363ba185c49794/out/vs/workbench/api/node/extensionHostProcess.js:103:76000)
	at a.h (/home/nwaudiovideo/.vscode-server/bin/6c3e3dba23e8fadc360aed75ce363ba185c49794/out/vs/workbench/api/node/extensionHostProcess.js:103:77777)
	at a.g (/home/nwaudiovideo/.vscode-server/bin/6c3e3dba23e8fadc360aed75ce363ba185c49794/out/vs/workbench/api/node/extensionHostProcess.js:103:76772)
	at a.executeCommand (/home/nwaudiovideo/.vscode-server/bin/6c3e3dba23e8fadc360aed75ce363ba185c49794/out/vs/workbench/api/node/extensionHostProcess.js:103:76679)
	at Object.executeCommand (/home/nwaudiovideo/.vscode-server/bin/6c3e3dba23e8fadc360aed75ce363ba185c49794/out/vs/workbench/api/node/extensionHostProcess.js:121:20977)
	at r.D [as value] (/home/nwaudiovideo/.vscode-server/bin/6c3e3dba23e8fadc360aed75ce363ba185c49794/extensions/git/dist/main.js:2:1261690)
	at f.w (/home/nwaudiovideo/.vscode-server/bin/6c3e3dba23e8fadc360aed75ce363ba185c49794/out/vs/workbench/api/node/extensionHostProcess.js:63:1902)
	at f.x (/home/nwaudiovideo/.vscode-server/bin/6c3e3dba23e8fadc360aed75ce363ba185c49794/out/vs/workbench/api/node/extensionHostProcess.js:63:1972)
	at fire (/home/nwaudiovideo/.vscode-server/bin/6c3e3dba23e8fadc360aed75ce363ba185c49794/out/vs/workbench/api/node/extensionHostProcess.js:63:2188)
	at Object.m [as dispose] (/home/nwaudiovideo/.vscode-server/bin/6c3e3dba23e8fadc360aed75ce363ba185c49794/extensions/git/dist/main.js:2:1277293)
	at /home/nwaudiovideo/.vscode-server/bin/6c3e3dba23e8fadc360aed75ce363ba185c49794/extensions/git/dist/main.js:2:1282023
	at Array.forEach (<anonymous>)
	at g.dispose (/home/nwaudiovideo/.vscode-server/bin/6c3e3dba23e8fadc360aed75ce363ba185c49794/extensions/git/dist/main.js:2:1282009)
	at p.<anonymous> (/home/nwaudiovideo/.vscode-server/bin/6c3e3dba23e8fadc360aed75ce363ba185c49794/out/vs/workbench/api/node/extensionHostProcess.js:99:3381)
	at p.dispose (/home/nwaudiovideo/.vscode-server/bin/6c3e3dba23e8fadc360aed75ce363ba185c49794/out/vs/workbench/api/node/extensionHostProcess.js:99:3478)
	at p.<anonymous> (/home/nwaudiovideo/.vscode-server/bin/6c3e3dba23e8fadc360aed75ce363ba185c49794/extensions/git/dist/main.js:2:1263703)
	at p.dispose (/home/nwaudiovideo/.vscode-server/bin/6c3e3dba23e8fadc360aed75ce363ba185c49794/out/vs/workbench/api/node/extensionHostProcess.js:99:3478)
	at S (/home/nwaudiovideo/.vscode-server/bin/6c3e3dba23e8fadc360aed75ce363ba185c49794/out/vs/workbench/api/node/extensionHostProcess.js:13:11731)
	at r.Z (/home/nwaudiovideo/.vscode-server/bin/6c3e3dba23e8fadc360aed75ce363ba185c49794/out/vs/workbench/api/node/extensionHostProcess.js:117:9686)
	at /home/nwaudiovideo/.vscode-server/bin/6c3e3dba23e8fadc360aed75ce363ba185c49794/out/vs/workbench/api/node/extensionHostProcess.js:117:7582
	at Array.map (<anonymous>)
	at r.S (/home/nwaudiovideo/.vscode-server/bin/6c3e3dba23e8fadc360aed75ce363ba185c49794/out/vs/workbench/api/node/extensionHostProcess.js:117:7570)
	at r.terminate (/home/nwaudiovideo/.vscode-server/bin/6c3e3dba23e8fadc360aed75ce363ba185c49794/out/vs/workbench/api/node/extensionHostProcess.js:117:7842)
	at s.terminate (/home/nwaudiovideo/.vscode-server/bin/6c3e3dba23e8fadc360aed75ce363ba185c49794/out/vs/workbench/api/node/extensionHostProcess.js:121:1506)
	at C (/home/nwaudiovideo/.vscode-server/bin/6c3e3dba23e8fadc360aed75ce363ba185c49794/out/vs/workbench/api/node/extensionHostProcess.js:131:32254)
	at r.value (/home/nwaudiovideo/.vscode-server/bin/6c3e3dba23e8fadc360aed75ce363ba185c49794/out/vs/workbench/api/node/extensionHostProcess.js:131:30301)
	at f.w (/home/nwaudiovideo/.vscode-server/bin/6c3e3dba23e8fadc360aed75ce363ba185c49794/out/vs/workbench/api/node/extensionHostProcess.js:63:1902)
	at fire (/home/nwaudiovideo/.vscode-server/bin/6c3e3dba23e8fadc360aed75ce363ba185c49794/out/vs/workbench/api/node/extensionHostProcess.js:63:2119)
	at y.fire (/home/nwaudiovideo/.vscode-server/bin/6c3e3dba23e8fadc360aed75ce363ba185c49794/out/vs/workbench/api/node/extensionHostProcess.js:79:13931)
	at n.z (/home/nwaudiovideo/.vscode-server/bin/6c3e3dba23e8fadc360aed75ce363ba185c49794/out/vs/workbench/api/node/extensionHostProcess.js:79:16996)
	at r.value (/home/nwaudiovideo/.vscode-server/bin/6c3e3dba23e8fadc360aed75ce363ba185c49794/out/vs/workbench/api/node/extensionHostProcess.js:79:15448)
	at f.w (/home/nwaudiovideo/.vscode-server/bin/6c3e3dba23e8fadc360aed75ce363ba185c49794/out/vs/workbench/api/node/extensionHostProcess.js:63:1902)
	at fire (/home/nwaudiovideo/.vscode-server/bin/6c3e3dba23e8fadc360aed75ce363ba185c49794/out/vs/workbench/api/node/extensionHostProcess.js:63:2119)
	at r.acceptChunk (/home/nwaudiovideo/.vscode-server/bin/6c3e3dba23e8fadc360aed75ce363ba185c49794/out/vs/workbench/api/node/extensionHostProcess.js:79:11705)
	at r.value (/home/nwaudiovideo/.vscode-server/bin/6c3e3dba23e8fadc360aed75ce363ba185c49794/out/vs/workbench/api/node/extensionHostProcess.js:79:10992)
	at f.w (/home/nwaudiovideo/.vscode-server/bin/6c3e3dba23e8fadc360aed75ce363ba185c49794/out/vs/workbench/api/node/extensionHostProcess.js:63:1902)
	at fire (/home/nwaudiovideo/.vscode-server/bin/6c3e3dba23e8fadc360aed75ce363ba185c49794/out/vs/workbench/api/node/extensionHostProcess.js:63:2119)
	at f.u (/home/nwaudiovideo/.vscode-server/bin/6c3e3dba23e8fadc360aed75ce363ba185c49794/out/vs/workbench/api/node/extensionHostProcess.js:131:19077) setContext undefined
2023-09-02 05:15:52.859 [error] Canceled: Canceled
	at new h (/home/nwaudiovideo/.vscode-server/bin/6c3e3dba23e8fadc360aed75ce363ba185c49794/out/vs/workbench/api/node/extensionHostProcess.js:103:56634)
	at t.O (/home/nwaudiovideo/.vscode-server/bin/6c3e3dba23e8fadc360aed75ce363ba185c49794/out/vs/workbench/api/node/extensionHostProcess.js:115:8020)
	at Proxy.N.<computed>.T.charCodeAt.N.<computed> (/home/nwaudiovideo/.vscode-server/bin/6c3e3dba23e8fadc360aed75ce363ba185c49794/out/vs/workbench/api/node/extensionHostProcess.js:115:5459)
	at a.g (/home/nwaudiovideo/.vscode-server/bin/6c3e3dba23e8fadc360aed75ce363ba185c49794/out/vs/workbench/api/node/extensionHostProcess.js:103:77241)
	at a.executeCommand (/home/nwaudiovideo/.vscode-server/bin/6c3e3dba23e8fadc360aed75ce363ba185c49794/out/vs/workbench/api/node/extensionHostProcess.js:103:76679)
	at w.registerCommand.description (/home/nwaudiovideo/.vscode-server/bin/6c3e3dba23e8fadc360aed75ce363ba185c49794/out/vs/workbench/api/node/extensionHostProcess.js:103:76000)
	at a.h (/home/nwaudiovideo/.vscode-server/bin/6c3e3dba23e8fadc360aed75ce363ba185c49794/out/vs/workbench/api/node/extensionHostProcess.js:103:77777)
	at a.g (/home/nwaudiovideo/.vscode-server/bin/6c3e3dba23e8fadc360aed75ce363ba185c49794/out/vs/workbench/api/node/extensionHostProcess.js:103:76772)
	at a.executeCommand (/home/nwaudiovideo/.vscode-server/bin/6c3e3dba23e8fadc360aed75ce363ba185c49794/out/vs/workbench/api/node/extensionHostProcess.js:103:76679)
	at Object.executeCommand (/home/nwaudiovideo/.vscode-server/bin/6c3e3dba23e8fadc360aed75ce363ba185c49794/out/vs/workbench/api/node/extensionHostProcess.js:121:20977)
	at t.$Ne.set b [as b] (/home/nwaudiovideo/.vscode-server/bin/6c3e3dba23e8fadc360aed75ce363ba185c49794/extensions/github/dist/extension.js:2:676183)
	at /home/nwaudiovideo/.vscode-server/bin/6c3e3dba23e8fadc360aed75ce363ba185c49794/extensions/github/dist/extension.js:2:676827
	at r.value (/home/nwaudiovideo/.vscode-server/bin/6c3e3dba23e8fadc360aed75ce363ba185c49794/extensions/git/dist/main.js:2:1349176)
	at f.w (/home/nwaudiovideo/.vscode-server/bin/6c3e3dba23e8fadc360aed75ce363ba185c49794/out/vs/workbench/api/node/extensionHostProcess.js:63:1902)
	at f.x (/home/nwaudiovideo/.vscode-server/bin/6c3e3dba23e8fadc360aed75ce363ba185c49794/out/vs/workbench/api/node/extensionHostProcess.js:63:1972)
	at fire (/home/nwaudiovideo/.vscode-server/bin/6c3e3dba23e8fadc360aed75ce363ba185c49794/out/vs/workbench/api/node/extensionHostProcess.js:63:2188)
	at Object.m [as dispose] (/home/nwaudiovideo/.vscode-server/bin/6c3e3dba23e8fadc360aed75ce363ba185c49794/extensions/git/dist/main.js:2:1277293)
	at /home/nwaudiovideo/.vscode-server/bin/6c3e3dba23e8fadc360aed75ce363ba185c49794/extensions/git/dist/main.js:2:1282023
	at Array.forEach (<anonymous>)
	at g.dispose (/home/nwaudiovideo/.vscode-server/bin/6c3e3dba23e8fadc360aed75ce363ba185c49794/extensions/git/dist/main.js:2:1282009)
	at p.<anonymous> (/home/nwaudiovideo/.vscode-server/bin/6c3e3dba23e8fadc360aed75ce363ba185c49794/out/vs/workbench/api/node/extensionHostProcess.js:99:3381)
	at p.dispose (/home/nwaudiovideo/.vscode-server/bin/6c3e3dba23e8fadc360aed75ce363ba185c49794/out/vs/workbench/api/node/extensionHostProcess.js:99:3478)
	at p.<anonymous> (/home/nwaudiovideo/.vscode-server/bin/6c3e3dba23e8fadc360aed75ce363ba185c49794/extensions/git/dist/main.js:2:1263703)
	at p.dispose (/home/nwaudiovideo/.vscode-server/bin/6c3e3dba23e8fadc360aed75ce363ba185c49794/out/vs/workbench/api/node/extensionHostProcess.js:99:3478)
	at S (/home/nwaudiovideo/.vscode-server/bin/6c3e3dba23e8fadc360aed75ce363ba185c49794/out/vs/workbench/api/node/extensionHostProcess.js:13:11731)
	at r.Z (/home/nwaudiovideo/.vscode-server/bin/6c3e3dba23e8fadc360aed75ce363ba185c49794/out/vs/workbench/api/node/extensionHostProcess.js:117:9686)
	at /home/nwaudiovideo/.vscode-server/bin/6c3e3dba23e8fadc360aed75ce363ba185c49794/out/vs/workbench/api/node/extensionHostProcess.js:117:7582
	at Array.map (<anonymous>)
	at r.S (/home/nwaudiovideo/.vscode-server/bin/6c3e3dba23e8fadc360aed75ce363ba185c49794/out/vs/workbench/api/node/extensionHostProcess.js:117:7570)
	at r.terminate (/home/nwaudiovideo/.vscode-server/bin/6c3e3dba23e8fadc360aed75ce363ba185c49794/out/vs/workbench/api/node/extensionHostProcess.js:117:7842)
	at s.terminate (/home/nwaudiovideo/.vscode-server/bin/6c3e3dba23e8fadc360aed75ce363ba185c49794/out/vs/workbench/api/node/extensionHostProcess.js:121:1506)
	at C (/home/nwaudiovideo/.vscode-server/bin/6c3e3dba23e8fadc360aed75ce363ba185c49794/out/vs/workbench/api/node/extensionHostProcess.js:131:32254)
	at r.value (/home/nwaudiovideo/.vscode-server/bin/6c3e3dba23e8fadc360aed75ce363ba185c49794/out/vs/workbench/api/node/extensionHostProcess.js:131:30301)
	at f.w (/home/nwaudiovideo/.vscode-server/bin/6c3e3dba23e8fadc360aed75ce363ba185c49794/out/vs/workbench/api/node/extensionHostProcess.js:63:1902)
	at fire (/home/nwaudiovideo/.vscode-server/bin/6c3e3dba23e8fadc360aed75ce363ba185c49794/out/vs/workbench/api/node/extensionHostProcess.js:63:2119)
	at y.fire (/home/nwaudiovideo/.vscode-server/bin/6c3e3dba23e8fadc360aed75ce363ba185c49794/out/vs/workbench/api/node/extensionHostProcess.js:79:13931)
	at n.z (/home/nwaudiovideo/.vscode-server/bin/6c3e3dba23e8fadc360aed75ce363ba185c49794/out/vs/workbench/api/node/extensionHostProcess.js:79:16996)
	at r.value (/home/nwaudiovideo/.vscode-server/bin/6c3e3dba23e8fadc360aed75ce363ba185c49794/out/vs/workbench/api/node/extensionHostProcess.js:79:15448)
	at f.w (/home/nwaudiovideo/.vscode-server/bin/6c3e3dba23e8fadc360aed75ce363ba185c49794/out/vs/workbench/api/node/extensionHostProcess.js:63:1902)
	at fire (/home/nwaudiovideo/.vscode-server/bin/6c3e3dba23e8fadc360aed75ce363ba185c49794/out/vs/workbench/api/node/extensionHostProcess.js:63:2119)
	at r.acceptChunk (/home/nwaudiovideo/.vscode-server/bin/6c3e3dba23e8fadc360aed75ce363ba185c49794/out/vs/workbench/api/node/extensionHostProcess.js:79:11705)
	at r.value (/home/nwaudiovideo/.vscode-server/bin/6c3e3dba23e8fadc360aed75ce363ba185c49794/out/vs/workbench/api/node/extensionHostProcess.js:79:10992)
	at f.w (/home/nwaudiovideo/.vscode-server/bin/6c3e3dba23e8fadc360aed75ce363ba185c49794/out/vs/workbench/api/node/extensionHostProcess.js:63:1902)
	at fire (/home/nwaudiovideo/.vscode-server/bin/6c3e3dba23e8fadc360aed75ce363ba185c49794/out/vs/workbench/api/node/extensionHostProcess.js:63:2119)
	at f.u (/home/nwaudiovideo/.vscode-server/bin/6c3e3dba23e8fadc360aed75ce363ba185c49794/out/vs/workbench/api/node/extensionHostProcess.js:131:19077) setContext undefined
2023-09-02 05:15:52.859 [info] Extension host with pid 124395 exiting with code 0
