2023-09-02 05:07:05.486 [info] Log level: Info
2023-09-02 05:07:05.486 [info] Validating found git in: "git"
2023-09-02 05:07:05.486 [info] Using git "2.34.1" from "git"
2023-09-02 05:07:05.486 [info] > git rev-parse --show-toplevel [36ms]
2023-09-02 05:07:05.486 [info] fatal: not a git repository (or any of the parent directories): .git
2023-09-02 05:07:05.487 [info] > git rev-parse --show-toplevel [25ms]
2023-09-02 05:07:05.487 [info] fatal: not a git repository (or any of the parent directories): .git
2023-09-02 05:07:05.487 [info] > git rev-parse --show-toplevel [4ms]
2023-09-02 05:07:05.487 [info] fatal: not a git repository (or any of the parent directories): .git
2023-09-02 05:07:05.487 [info] > git rev-parse --show-toplevel [11ms]
2023-09-02 05:07:05.487 [info] fatal: not a git repository (or any of the parent directories): .git
2023-09-02 05:07:05.501 [info] > git rev-parse --show-toplevel [6ms]
2023-09-02 05:07:05.501 [info] fatal: not a git repository (or any of the parent directories): .git
2023-09-02 05:07:05.512 [info] > git rev-parse --show-toplevel [2ms]
2023-09-02 05:07:05.512 [info] fatal: not a git repository (or any of the parent directories): .git
2023-09-02 05:07:05.525 [info] > git rev-parse --show-toplevel [4ms]
2023-09-02 05:07:05.525 [info] fatal: not a git repository (or any of the parent directories): .git
2023-09-02 05:07:05.536 [info] > git rev-parse --show-toplevel [2ms]
2023-09-02 05:07:05.536 [info] fatal: not a git repository (or any of the parent directories): .git
2023-09-02 05:07:05.549 [info] > git rev-parse --show-toplevel [2ms]
2023-09-02 05:07:05.549 [info] fatal: not a git repository (or any of the parent directories): .git
2023-09-02 05:07:05.559 [info] > git rev-parse --show-toplevel [3ms]
2023-09-02 05:07:05.559 [info] fatal: not a git repository (or any of the parent directories): .git
2023-09-02 05:07:21.993 [info] > git init -b main [13ms]
2023-09-02 05:07:22.634 [info] > git rev-parse --show-toplevel [3ms]
2023-09-02 05:07:22.647 [info] > git rev-parse --git-dir --git-common-dir [2ms]
2023-09-02 05:07:22.672 [info] Open repository: /home/nwaudiovideo
2023-09-02 05:07:22.699 [info] No remotes found in the git config file.
2023-09-02 05:07:22.702 [info] > git config --get commit.template [14ms]
2023-09-02 05:07:22.704 [info] > git for-each-ref --format=%(refname)%00%(upstream:short)%00%(objectname)%00%(upstream:track)%00%(upstream:remotename)%00%(upstream:remoteref) refs/heads/main refs/remotes/main [7ms]
2023-09-02 05:07:22.738 [info] > git status -z -uall [24ms]
2023-09-02 05:07:23.535 [info] > git config --get commit.template [14ms]
2023-09-02 05:07:23.547 [info] No remotes found in the git config file.
2023-09-02 05:07:23.562 [info] > git for-each-ref --format=%(refname)%00%(upstream:short)%00%(objectname)%00%(upstream:track)%00%(upstream:remotename)%00%(upstream:remoteref) refs/heads/main refs/remotes/main [15ms]
2023-09-02 05:07:23.670 [info] > git status -z -uall [98ms]
2023-09-02 05:07:24.997 [info] > git check-ignore -v -z --stdin [5ms]
2023-09-02 05:07:27.606 [info] > git check-ignore -v -z --stdin [3ms]
2023-09-02 05:07:27.716 [info] No remotes found in the git config file.
2023-09-02 05:07:27.717 [info] > git config --get commit.template [15ms]
2023-09-02 05:07:27.720 [info] > git for-each-ref --format=%(refname)%00%(upstream:short)%00%(objectname)%00%(upstream:track)%00%(upstream:remotename)%00%(upstream:remoteref) refs/heads/main refs/remotes/main [4ms]
2023-09-02 05:07:27.751 [info] > git status -z -uall [20ms]
2023-09-02 05:07:32.815 [info] No remotes found in the git config file.
2023-09-02 05:07:32.816 [info] > git config --get commit.template [16ms]
2023-09-02 05:07:32.818 [info] > git for-each-ref --format=%(refname)%00%(upstream:short)%00%(objectname)%00%(upstream:track)%00%(upstream:remotename)%00%(upstream:remoteref) refs/heads/main refs/remotes/main [4ms]
2023-09-02 05:07:32.861 [info] > git status -z -uall [32ms]
2023-09-02 05:07:37.948 [info] No remotes found in the git config file.
2023-09-02 05:07:37.950 [info] > git config --get commit.template [14ms]
2023-09-02 05:07:37.953 [info] > git for-each-ref --format=%(refname)%00%(upstream:short)%00%(objectname)%00%(upstream:track)%00%(upstream:remotename)%00%(upstream:remoteref) refs/heads/main refs/remotes/main [5ms]
2023-09-02 05:07:37.984 [info] > git status -z -uall [21ms]
2023-09-02 05:07:39.729 [info] > git check-ignore -v -z --stdin [4ms]
2023-09-02 05:07:40.603 [info] > git check-ignore -v -z --stdin [5ms]
2023-09-02 05:07:43.067 [info] No remotes found in the git config file.
2023-09-02 05:07:43.069 [info] > git config --get commit.template [14ms]
2023-09-02 05:07:43.072 [info] > git for-each-ref --format=%(refname)%00%(upstream:short)%00%(objectname)%00%(upstream:track)%00%(upstream:remotename)%00%(upstream:remoteref) refs/heads/main refs/remotes/main [4ms]
2023-09-02 05:07:43.104 [info] > git status -z -uall [22ms]
2023-09-02 05:07:45.807 [info] > git check-ignore -v -z --stdin [4ms]
2023-09-02 05:07:48.172 [info] No remotes found in the git config file.
2023-09-02 05:07:48.182 [info] > git config --get commit.template [26ms]
2023-09-02 05:07:48.185 [info] > git for-each-ref --format=%(refname)%00%(upstream:short)%00%(objectname)%00%(upstream:track)%00%(upstream:remotename)%00%(upstream:remoteref) refs/heads/main refs/remotes/main [13ms]
2023-09-02 05:07:48.234 [info] > git status -z -uall [35ms]
2023-09-02 05:07:53.340 [info] No remotes found in the git config file.
2023-09-02 05:07:53.342 [info] > git config --get commit.template [16ms]
2023-09-02 05:07:53.345 [info] > git for-each-ref --format=%(refname)%00%(upstream:short)%00%(objectname)%00%(upstream:track)%00%(upstream:remotename)%00%(upstream:remoteref) refs/heads/main refs/remotes/main [5ms]
2023-09-02 05:07:53.382 [info] > git status -z -uall [24ms]
2023-09-02 05:07:58.469 [info] No remotes found in the git config file.
2023-09-02 05:07:58.471 [info] > git config --get commit.template [16ms]
2023-09-02 05:07:58.474 [info] > git for-each-ref --format=%(refname)%00%(upstream:short)%00%(objectname)%00%(upstream:track)%00%(upstream:remotename)%00%(upstream:remoteref) refs/heads/main refs/remotes/main [6ms]
2023-09-02 05:07:58.507 [info] > git status -z -uall [21ms]
2023-09-02 05:08:03.632 [info] No remotes found in the git config file.
2023-09-02 05:08:03.640 [info] > git config --get commit.template [27ms]
2023-09-02 05:08:03.641 [info] > git for-each-ref --format=%(refname)%00%(upstream:short)%00%(objectname)%00%(upstream:track)%00%(upstream:remotename)%00%(upstream:remoteref) refs/heads/main refs/remotes/main [9ms]
2023-09-02 05:08:03.678 [info] > git status -z -uall [25ms]
2023-09-02 05:08:08.753 [info] No remotes found in the git config file.
2023-09-02 05:08:08.755 [info] > git config --get commit.template [15ms]
2023-09-02 05:08:08.758 [info] > git for-each-ref --format=%(refname)%00%(upstream:short)%00%(objectname)%00%(upstream:track)%00%(upstream:remotename)%00%(upstream:remoteref) refs/heads/main refs/remotes/main [6ms]
2023-09-02 05:08:08.792 [info] > git status -z -uall [22ms]
2023-09-02 05:08:13.870 [info] No remotes found in the git config file.
2023-09-02 05:08:13.872 [info] > git config --get commit.template [14ms]
2023-09-02 05:08:13.874 [info] > git for-each-ref --format=%(refname)%00%(upstream:short)%00%(objectname)%00%(upstream:track)%00%(upstream:remotename)%00%(upstream:remoteref) refs/heads/main refs/remotes/main [4ms]
2023-09-02 05:08:13.908 [info] > git status -z -uall [24ms]
2023-09-02 05:08:18.990 [info] No remotes found in the git config file.
2023-09-02 05:08:18.992 [info] > git config --get commit.template [17ms]
2023-09-02 05:08:18.995 [info] > git for-each-ref --format=%(refname)%00%(upstream:short)%00%(objectname)%00%(upstream:track)%00%(upstream:remotename)%00%(upstream:remoteref) refs/heads/main refs/remotes/main [6ms]
2023-09-02 05:08:19.044 [info] > git status -z -uall [37ms]
2023-09-02 05:08:24.127 [info] No remotes found in the git config file.
2023-09-02 05:08:24.129 [info] > git config --get commit.template [18ms]
2023-09-02 05:08:24.132 [info] > git for-each-ref --format=%(refname)%00%(upstream:short)%00%(objectname)%00%(upstream:track)%00%(upstream:remotename)%00%(upstream:remoteref) refs/heads/main refs/remotes/main [5ms]
2023-09-02 05:08:24.177 [info] > git status -z -uall [33ms]
2023-09-02 05:08:29.271 [info] No remotes found in the git config file.
2023-09-02 05:08:29.273 [info] > git config --get commit.template [20ms]
2023-09-02 05:08:29.276 [info] > git for-each-ref --format=%(refname)%00%(upstream:short)%00%(objectname)%00%(upstream:track)%00%(upstream:remotename)%00%(upstream:remoteref) refs/heads/main refs/remotes/main [6ms]
2023-09-02 05:08:29.319 [info] > git status -z -uall [29ms]
2023-09-02 05:08:34.414 [info] No remotes found in the git config file.
2023-09-02 05:08:34.415 [info] > git config --get commit.template [15ms]
2023-09-02 05:08:34.418 [info] > git for-each-ref --format=%(refname)%00%(upstream:short)%00%(objectname)%00%(upstream:track)%00%(upstream:remotename)%00%(upstream:remoteref) refs/heads/main refs/remotes/main [4ms]
2023-09-02 05:08:34.458 [info] > git status -z -uall [28ms]
2023-09-02 05:08:39.538 [info] No remotes found in the git config file.
2023-09-02 05:08:39.539 [info] > git config --get commit.template [16ms]
2023-09-02 05:08:39.542 [info] > git for-each-ref --format=%(refname)%00%(upstream:short)%00%(objectname)%00%(upstream:track)%00%(upstream:remotename)%00%(upstream:remoteref) refs/heads/main refs/remotes/main [4ms]
2023-09-02 05:08:39.575 [info] > git status -z -uall [22ms]
2023-09-02 05:08:40.554 [info] > git stash push [11ms]
2023-09-02 05:08:40.554 [info] You do not have the initial commit yet
2023-09-02 05:08:40.588 [info] No remotes found in the git config file.
2023-09-02 05:08:40.589 [info] > git config --get commit.template [18ms]
2023-09-02 05:08:40.593 [info] > git for-each-ref --format=%(refname)%00%(upstream:short)%00%(objectname)%00%(upstream:track)%00%(upstream:remotename)%00%(upstream:remoteref) refs/heads/main refs/remotes/main [5ms]
2023-09-02 05:08:40.632 [info] > git status -z -uall [26ms]
2023-09-02 05:08:44.674 [info] No remotes found in the git config file.
2023-09-02 05:08:44.676 [info] > git config --get commit.template [14ms]
2023-09-02 05:08:44.679 [info] > git for-each-ref --format=%(refname)%00%(upstream:short)%00%(objectname)%00%(upstream:track)%00%(upstream:remotename)%00%(upstream:remoteref) refs/heads/main refs/remotes/main [5ms]
2023-09-02 05:08:44.730 [info] > git status -z -uall [27ms]
2023-09-02 05:08:51.006 [info] No remotes found in the git config file.
2023-09-02 05:08:51.008 [info] > git config --get commit.template [15ms]
2023-09-02 05:08:51.013 [info] > git for-each-ref --format=%(refname)%00%(upstream:short)%00%(objectname)%00%(upstream:track)%00%(upstream:remotename)%00%(upstream:remoteref) refs/heads/main refs/remotes/main [7ms]
2023-09-02 05:08:51.046 [info] > git status -z -uall [20ms]
2023-09-02 05:08:56.155 [info] No remotes found in the git config file.
2023-09-02 05:08:56.157 [info] > git config --get commit.template [18ms]
2023-09-02 05:08:56.160 [info] > git for-each-ref --format=%(refname)%00%(upstream:short)%00%(objectname)%00%(upstream:track)%00%(upstream:remotename)%00%(upstream:remoteref) refs/heads/main refs/remotes/main [5ms]
2023-09-02 05:08:56.205 [info] > git status -z -uall [32ms]
2023-09-02 05:09:01.329 [info] > git config --get commit.template [9ms]
2023-09-02 05:09:01.385 [info] No remotes found in the git config file.
2023-09-02 05:09:01.393 [info] > git for-each-ref --format=%(refname)%00%(upstream:short)%00%(objectname)%00%(upstream:track)%00%(upstream:remotename)%00%(upstream:remoteref) refs/heads/main refs/remotes/main [8ms]
2023-09-02 05:09:01.697 [info] > git status -z -uall [188ms]
2023-09-02 05:09:06.965 [info] No remotes found in the git config file.
2023-09-02 05:09:06.967 [info] > git config --get commit.template [17ms]
2023-09-02 05:09:06.970 [info] > git for-each-ref --format=%(refname)%00%(upstream:short)%00%(objectname)%00%(upstream:track)%00%(upstream:remotename)%00%(upstream:remoteref) refs/heads/main refs/remotes/main [5ms]
2023-09-02 05:09:07.018 [info] > git status -z -uall [27ms]
2023-09-02 05:09:11.897 [info] No remotes found in the git config file.
2023-09-02 05:09:11.899 [info] > git config --get commit.template [14ms]
2023-09-02 05:09:11.903 [info] > git for-each-ref --format=%(refname)%00%(upstream:short)%00%(objectname)%00%(upstream:track)%00%(upstream:remotename)%00%(upstream:remoteref) refs/heads/main refs/remotes/main [6ms]
2023-09-02 05:09:11.932 [info] > git status -z -uall [20ms]
2023-09-02 05:09:12.354 [info] No remotes found in the git config file.
2023-09-02 05:09:12.357 [info] > git config --get commit.template [21ms]
2023-09-02 05:09:12.363 [info] > git for-each-ref --format=%(refname)%00%(upstream:short)%00%(objectname)%00%(upstream:track)%00%(upstream:remotename)%00%(upstream:remoteref) refs/heads/main refs/remotes/main [9ms]
2023-09-02 05:09:12.408 [info] > git status -z -uall [35ms]
2023-09-02 05:09:17.489 [info] No remotes found in the git config file.
2023-09-02 05:09:17.490 [info] > git config --get commit.template [14ms]
2023-09-02 05:09:17.493 [info] > git for-each-ref --format=%(refname)%00%(upstream:short)%00%(objectname)%00%(upstream:track)%00%(upstream:remotename)%00%(upstream:remoteref) refs/heads/main refs/remotes/main [4ms]
2023-09-02 05:09:17.520 [info] > git status -z -uall [17ms]
2023-09-02 05:09:17.934 [info] > git check-ignore -v -z --stdin [18ms]
2023-09-02 05:09:21.239 [info] > git check-ignore -v -z --stdin [3ms]
2023-09-02 05:09:22.391 [info] > git check-ignore -v -z --stdin [3ms]
2023-09-02 05:09:23.088 [info] No remotes found in the git config file.
2023-09-02 05:09:23.088 [info] > git config --get commit.template [16ms]
2023-09-02 05:09:23.091 [info] > git for-each-ref --format=%(refname)%00%(upstream:short)%00%(objectname)%00%(upstream:track)%00%(upstream:remotename)%00%(upstream:remoteref) refs/heads/main refs/remotes/main [4ms]
2023-09-02 05:09:23.119 [info] > git status -z -uall [18ms]
2023-09-02 05:09:23.602 [info] > git check-ignore -v -z --stdin [9ms]
2023-09-02 05:09:28.179 [info] No remotes found in the git config file.
2023-09-02 05:09:28.180 [info] > git config --get commit.template [13ms]
2023-09-02 05:09:28.182 [info] > git for-each-ref --format=%(refname)%00%(upstream:short)%00%(objectname)%00%(upstream:track)%00%(upstream:remotename)%00%(upstream:remoteref) refs/heads/main refs/remotes/main [4ms]
2023-09-02 05:09:28.214 [info] > git status -z -uall [18ms]
2023-09-02 05:09:33.282 [info] No remotes found in the git config file.
2023-09-02 05:09:33.284 [info] > git config --get commit.template [16ms]
2023-09-02 05:09:33.287 [info] > git for-each-ref --format=%(refname)%00%(upstream:short)%00%(objectname)%00%(upstream:track)%00%(upstream:remotename)%00%(upstream:remoteref) refs/heads/main refs/remotes/main [5ms]
2023-09-02 05:09:33.322 [info] > git status -z -uall [23ms]
2023-09-02 05:09:38.412 [info] No remotes found in the git config file.
2023-09-02 05:09:38.414 [info] > git config --get commit.template [15ms]
2023-09-02 05:09:38.417 [info] > git for-each-ref --format=%(refname)%00%(upstream:short)%00%(objectname)%00%(upstream:track)%00%(upstream:remotename)%00%(upstream:remoteref) refs/heads/main refs/remotes/main [5ms]
2023-09-02 05:09:38.454 [info] > git status -z -uall [23ms]
2023-09-02 05:09:43.581 [info] No remotes found in the git config file.
2023-09-02 05:09:43.582 [info] > git config --get commit.template [70ms]
2023-09-02 05:09:43.631 [info] > git for-each-ref --format=%(refname)%00%(upstream:short)%00%(objectname)%00%(upstream:track)%00%(upstream:remotename)%00%(upstream:remoteref) refs/heads/main refs/remotes/main [51ms]
2023-09-02 05:09:43.667 [info] > git status -z -uall [21ms]
2023-09-02 05:09:50.194 [info] No remotes found in the git config file.
2023-09-02 05:09:50.196 [info] > git config --get commit.template [14ms]
2023-09-02 05:09:50.199 [info] > git for-each-ref --format=%(refname)%00%(upstream:short)%00%(objectname)%00%(upstream:track)%00%(upstream:remotename)%00%(upstream:remoteref) refs/heads/main refs/remotes/main [5ms]
2023-09-02 05:09:50.227 [info] > git status -z -uall [18ms]
2023-09-02 05:09:55.305 [info] No remotes found in the git config file.
2023-09-02 05:09:55.307 [info] > git config --get commit.template [14ms]
2023-09-02 05:09:55.310 [info] > git for-each-ref --format=%(refname)%00%(upstream:short)%00%(objectname)%00%(upstream:track)%00%(upstream:remotename)%00%(upstream:remoteref) refs/heads/main refs/remotes/main [5ms]
2023-09-02 05:09:55.343 [info] > git status -z -uall [18ms]
2023-09-02 05:09:56.158 [info] > git branch [6ms]
2023-09-02 05:09:56.173 [info] > git rm --cached -r -- . [5ms]
2023-09-02 05:09:56.173 [info] fatal: pathspec '.' did not match any files
2023-09-02 05:09:56.197 [info] No remotes found in the git config file.
2023-09-02 05:09:56.198 [info] > git config --get commit.template [13ms]
2023-09-02 05:09:56.200 [info] > git for-each-ref --format=%(refname)%00%(upstream:short)%00%(objectname)%00%(upstream:track)%00%(upstream:remotename)%00%(upstream:remoteref) refs/heads/main refs/remotes/main [3ms]
2023-09-02 05:09:56.235 [info] > git status -z -uall [24ms]
2023-09-02 05:10:00.430 [info] No remotes found in the git config file.
2023-09-02 05:10:00.431 [info] > git config --get commit.template [22ms]
2023-09-02 05:10:00.450 [info] > git for-each-ref --format=%(refname)%00%(upstream:short)%00%(objectname)%00%(upstream:track)%00%(upstream:remotename)%00%(upstream:remoteref) refs/heads/main refs/remotes/main [21ms]
2023-09-02 05:10:00.490 [info] > git status -z -uall [21ms]
2023-09-02 05:10:05.591 [info] No remotes found in the git config file.
2023-09-02 05:10:05.592 [info] > git config --get commit.template [18ms]
2023-09-02 05:10:05.596 [info] > git for-each-ref --format=%(refname)%00%(upstream:short)%00%(objectname)%00%(upstream:track)%00%(upstream:remotename)%00%(upstream:remoteref) refs/heads/main refs/remotes/main [5ms]
2023-09-02 05:10:05.639 [info] > git status -z -uall [30ms]
2023-09-02 05:10:10.737 [info] No remotes found in the git config file.
2023-09-02 05:10:10.738 [info] > git config --get commit.template [14ms]
2023-09-02 05:10:10.741 [info] > git for-each-ref --format=%(refname)%00%(upstream:short)%00%(objectname)%00%(upstream:track)%00%(upstream:remotename)%00%(upstream:remoteref) refs/heads/main refs/remotes/main [5ms]
2023-09-02 05:10:10.770 [info] > git status -z -uall [19ms]
2023-09-02 05:10:15.644 [info] > git check-ignore -v -z --stdin [4ms]
2023-09-02 05:10:15.854 [info] No remotes found in the git config file.
2023-09-02 05:10:15.856 [info] > git config --get commit.template [19ms]
2023-09-02 05:10:15.859 [info] > git for-each-ref --format=%(refname)%00%(upstream:short)%00%(objectname)%00%(upstream:track)%00%(upstream:remotename)%00%(upstream:remoteref) refs/heads/main refs/remotes/main [5ms]
2023-09-02 05:10:15.893 [info] > git status -z -uall [21ms]
2023-09-02 05:10:20.986 [info] No remotes found in the git config file.
2023-09-02 05:10:20.987 [info] > git config --get commit.template [17ms]
2023-09-02 05:10:20.990 [info] > git for-each-ref --format=%(refname)%00%(upstream:short)%00%(objectname)%00%(upstream:track)%00%(upstream:remotename)%00%(upstream:remoteref) refs/heads/main refs/remotes/main [5ms]
2023-09-02 05:10:21.024 [info] > git status -z -uall [21ms]
2023-09-02 05:10:26.105 [info] No remotes found in the git config file.
2023-09-02 05:10:26.108 [info] > git config --get commit.template [23ms]
2023-09-02 05:10:26.111 [info] > git for-each-ref --format=%(refname)%00%(upstream:short)%00%(objectname)%00%(upstream:track)%00%(upstream:remotename)%00%(upstream:remoteref) refs/heads/main refs/remotes/main [6ms]
2023-09-02 05:10:26.159 [info] > git status -z -uall [22ms]
2023-09-02 05:10:26.724 [info] > git show --textconv :.wget-hsts [38ms]
2023-09-02 05:10:26.750 [info] > git ls-files --stage -- /home/nwaudiovideo/.wget-hsts [52ms]
2023-09-02 05:10:31.226 [info] No remotes found in the git config file.
2023-09-02 05:10:31.229 [info] > git config --get commit.template [19ms]
2023-09-02 05:10:31.233 [info] > git for-each-ref --format=%(refname)%00%(upstream:short)%00%(objectname)%00%(upstream:track)%00%(upstream:remotename)%00%(upstream:remoteref) refs/heads/main refs/remotes/main [7ms]
2023-09-02 05:10:31.283 [info] > git status -z -uall [31ms]
2023-09-02 05:10:36.379 [info] No remotes found in the git config file.
2023-09-02 05:10:36.381 [info] > git config --get commit.template [19ms]
2023-09-02 05:10:36.391 [info] > git for-each-ref --format=%(refname)%00%(upstream:short)%00%(objectname)%00%(upstream:track)%00%(upstream:remotename)%00%(upstream:remoteref) refs/heads/main refs/remotes/main [10ms]
2023-09-02 05:10:36.428 [info] > git status -z -uall [23ms]
2023-09-02 05:10:41.539 [info] No remotes found in the git config file.
2023-09-02 05:10:41.541 [info] > git config --get commit.template [20ms]
2023-09-02 05:10:41.544 [info] > git for-each-ref --format=%(refname)%00%(upstream:short)%00%(objectname)%00%(upstream:track)%00%(upstream:remotename)%00%(upstream:remoteref) refs/heads/main refs/remotes/main [5ms]
2023-09-02 05:10:41.574 [info] > git status -z -uall [20ms]
2023-09-02 05:10:46.640 [info] No remotes found in the git config file.
2023-09-02 05:10:46.645 [info] > git config --get commit.template [18ms]
2023-09-02 05:10:46.648 [info] > git for-each-ref --format=%(refname)%00%(upstream:short)%00%(objectname)%00%(upstream:track)%00%(upstream:remotename)%00%(upstream:remoteref) refs/heads/main refs/remotes/main [8ms]
2023-09-02 05:10:46.687 [info] > git status -z -uall [25ms]
2023-09-02 05:10:51.761 [info] No remotes found in the git config file.
2023-09-02 05:10:51.762 [info] > git config --get commit.template [16ms]
2023-09-02 05:10:51.765 [info] > git for-each-ref --format=%(refname)%00%(upstream:short)%00%(objectname)%00%(upstream:track)%00%(upstream:remotename)%00%(upstream:remoteref) refs/heads/main refs/remotes/main [5ms]
2023-09-02 05:10:51.804 [info] > git status -z -uall [25ms]
2023-09-02 05:10:56.881 [info] No remotes found in the git config file.
2023-09-02 05:10:56.883 [info] > git config --get commit.template [14ms]
2023-09-02 05:10:56.886 [info] > git for-each-ref --format=%(refname)%00%(upstream:short)%00%(objectname)%00%(upstream:track)%00%(upstream:remotename)%00%(upstream:remoteref) refs/heads/main refs/remotes/main [5ms]
2023-09-02 05:10:56.948 [info] > git status -z -uall [52ms]
2023-09-02 05:11:02.070 [info] No remotes found in the git config file.
2023-09-02 05:11:02.071 [info] > git config --get commit.template [15ms]
2023-09-02 05:11:02.074 [info] > git for-each-ref --format=%(refname)%00%(upstream:short)%00%(objectname)%00%(upstream:track)%00%(upstream:remotename)%00%(upstream:remoteref) refs/heads/main refs/remotes/main [5ms]
2023-09-02 05:11:02.109 [info] > git status -z -uall [23ms]
2023-09-02 05:11:05.103 [info] > git show --textconv :logs/.gitignore [16ms]
2023-09-02 05:11:05.108 [info] > git ls-files --stage -- /home/nwaudiovideo/logs/.gitignore [6ms]
2023-09-02 05:11:07.183 [info] No remotes found in the git config file.
2023-09-02 05:11:07.185 [info] > git config --get commit.template [17ms]
2023-09-02 05:11:07.188 [info] > git for-each-ref --format=%(refname)%00%(upstream:short)%00%(objectname)%00%(upstream:track)%00%(upstream:remotename)%00%(upstream:remoteref) refs/heads/main refs/remotes/main [4ms]
2023-09-02 05:11:07.226 [info] > git status -z -uall [21ms]
2023-09-02 05:11:10.497 [info] > git show --textconv :tmp/.gitignore [13ms]
2023-09-02 05:11:10.505 [info] > git ls-files --stage -- /home/nwaudiovideo/tmp/.gitignore [5ms]
2023-09-02 05:11:12.294 [info] No remotes found in the git config file.
2023-09-02 05:11:12.294 [info] > git config --get commit.template [13ms]
2023-09-02 05:11:12.297 [info] > git for-each-ref --format=%(refname)%00%(upstream:short)%00%(objectname)%00%(upstream:track)%00%(upstream:remotename)%00%(upstream:remoteref) refs/heads/main refs/remotes/main [4ms]
2023-09-02 05:11:12.327 [info] > git status -z -uall [20ms]
2023-09-02 05:11:17.401 [info] No remotes found in the git config file.
2023-09-02 05:11:17.403 [info] > git config --get commit.template [22ms]
2023-09-02 05:11:17.406 [info] > git for-each-ref --format=%(refname)%00%(upstream:short)%00%(objectname)%00%(upstream:track)%00%(upstream:remotename)%00%(upstream:remoteref) refs/heads/main refs/remotes/main [6ms]
2023-09-02 05:11:17.488 [info] > git status -z -uall [61ms]
2023-09-02 05:11:18.578 [info] > git check-ignore -v -z --stdin [4ms]
2023-09-02 05:11:22.054 [info] > git check-ignore -v -z --stdin [4ms]
2023-09-02 05:11:22.667 [info] No remotes found in the git config file.
2023-09-02 05:11:22.669 [info] > git config --get commit.template [16ms]
2023-09-02 05:11:22.673 [info] > git for-each-ref --format=%(refname)%00%(upstream:short)%00%(objectname)%00%(upstream:track)%00%(upstream:remotename)%00%(upstream:remoteref) refs/heads/main refs/remotes/main [5ms]
2023-09-02 05:11:22.707 [info] > git status -z -uall [22ms]
2023-09-02 05:11:27.781 [info] No remotes found in the git config file.
2023-09-02 05:11:27.801 [info] > git config --get commit.template [34ms]
2023-09-02 05:11:27.810 [info] > git for-each-ref --format=%(refname)%00%(upstream:short)%00%(objectname)%00%(upstream:track)%00%(upstream:remotename)%00%(upstream:remoteref) refs/heads/main refs/remotes/main [30ms]
2023-09-02 05:11:27.924 [info] > git status -z -uall [49ms]
2023-09-02 05:11:32.995 [info] No remotes found in the git config file.
2023-09-02 05:11:32.997 [info] > git config --get commit.template [18ms]
2023-09-02 05:11:33.001 [info] > git for-each-ref --format=%(refname)%00%(upstream:short)%00%(objectname)%00%(upstream:track)%00%(upstream:remotename)%00%(upstream:remoteref) refs/heads/main refs/remotes/main [6ms]
2023-09-02 05:11:33.079 [info] > git status -z -uall [64ms]
2023-09-02 05:11:33.276 [info] > git for-each-ref --sort -committerdate --format %(refname) %(objectname) %(*objectname) [7ms]
2023-09-02 05:11:38.263 [info] No remotes found in the git config file.
2023-09-02 05:11:38.265 [info] > git config --get commit.template [13ms]
2023-09-02 05:11:38.268 [info] > git for-each-ref --format=%(refname)%00%(upstream:short)%00%(objectname)%00%(upstream:track)%00%(upstream:remotename)%00%(upstream:remoteref) refs/heads/main refs/remotes/main [5ms]
2023-09-02 05:11:38.302 [info] > git status -z -uall [23ms]
2023-09-02 05:11:43.385 [info] No remotes found in the git config file.
2023-09-02 05:11:43.386 [info] > git config --get commit.template [14ms]
2023-09-02 05:11:43.389 [info] > git for-each-ref --format=%(refname)%00%(upstream:short)%00%(objectname)%00%(upstream:track)%00%(upstream:remotename)%00%(upstream:remoteref) refs/heads/main refs/remotes/main [4ms]
2023-09-02 05:11:43.442 [info] > git status -z -uall [43ms]
2023-09-02 05:11:46.505 [info] > git for-each-ref --sort -committerdate --format %(refname) %(objectname) %(*objectname) [22ms]
2023-09-02 05:11:48.572 [info] No remotes found in the git config file.
2023-09-02 05:11:48.574 [info] > git config --get commit.template [13ms]
2023-09-02 05:11:48.577 [info] > git for-each-ref --format=%(refname)%00%(upstream:short)%00%(objectname)%00%(upstream:track)%00%(upstream:remotename)%00%(upstream:remoteref) refs/heads/main refs/remotes/main [5ms]
2023-09-02 05:11:48.604 [info] > git status -z -uall [17ms]
2023-09-02 05:11:53.670 [info] No remotes found in the git config file.
2023-09-02 05:11:53.671 [info] > git config --get commit.template [13ms]
2023-09-02 05:11:53.674 [info] > git for-each-ref --format=%(refname)%00%(upstream:short)%00%(objectname)%00%(upstream:track)%00%(upstream:remotename)%00%(upstream:remoteref) refs/heads/main refs/remotes/main [5ms]
2023-09-02 05:11:53.701 [info] > git status -z -uall [17ms]
2023-09-02 05:11:54.473 [info] > git checkout -q -b main --no-track HEAD [4ms]
2023-09-02 05:11:54.473 [info] fatal: 'HEAD' is not a commit and a branch 'main' cannot be created from it
2023-09-02 05:11:54.499 [info] No remotes found in the git config file.
2023-09-02 05:11:54.500 [info] > git config --get commit.template [15ms]
2023-09-02 05:11:54.503 [info] > git for-each-ref --format=%(refname)%00%(upstream:short)%00%(objectname)%00%(upstream:track)%00%(upstream:remotename)%00%(upstream:remoteref) refs/heads/main refs/remotes/main [5ms]
2023-09-02 05:11:54.542 [info] > git status -z -uall [27ms]
2023-09-02 05:11:58.795 [info] No remotes found in the git config file.
2023-09-02 05:11:58.796 [info] > git config --get commit.template [19ms]
2023-09-02 05:11:58.800 [info] > git for-each-ref --format=%(refname)%00%(upstream:short)%00%(objectname)%00%(upstream:track)%00%(upstream:remotename)%00%(upstream:remoteref) refs/heads/main refs/remotes/main [6ms]
2023-09-02 05:11:58.849 [info] > git status -z -uall [29ms]
2023-09-02 05:12:03.979 [info] No remotes found in the git config file.
2023-09-02 05:12:03.981 [info] > git config --get commit.template [17ms]
2023-09-02 05:12:03.984 [info] > git for-each-ref --format=%(refname)%00%(upstream:short)%00%(objectname)%00%(upstream:track)%00%(upstream:remotename)%00%(upstream:remoteref) refs/heads/main refs/remotes/main [4ms]
2023-09-02 05:12:04.016 [info] > git status -z -uall [21ms]
2023-09-02 05:12:09.105 [info] No remotes found in the git config file.
2023-09-02 05:12:09.106 [info] > git config --get commit.template [19ms]
2023-09-02 05:12:09.109 [info] > git for-each-ref --format=%(refname)%00%(upstream:short)%00%(objectname)%00%(upstream:track)%00%(upstream:remotename)%00%(upstream:remoteref) refs/heads/main refs/remotes/main [4ms]
2023-09-02 05:12:09.146 [info] > git status -z -uall [24ms]
2023-09-02 05:12:14.289 [info] No remotes found in the git config file.
2023-09-02 05:12:14.290 [info] > git config --get commit.template [17ms]
2023-09-02 05:12:14.293 [info] > git for-each-ref --format=%(refname)%00%(upstream:short)%00%(objectname)%00%(upstream:track)%00%(upstream:remotename)%00%(upstream:remoteref) refs/heads/main refs/remotes/main [4ms]
2023-09-02 05:12:14.326 [info] > git status -z -uall [21ms]
2023-09-02 05:12:19.430 [info] No remotes found in the git config file.
2023-09-02 05:12:19.431 [info] > git config --get commit.template [16ms]
2023-09-02 05:12:19.433 [info] > git for-each-ref --format=%(refname)%00%(upstream:short)%00%(objectname)%00%(upstream:track)%00%(upstream:remotename)%00%(upstream:remoteref) refs/heads/main refs/remotes/main [4ms]
2023-09-02 05:12:19.491 [info] > git status -z -uall [46ms]
2023-09-02 05:12:24.703 [info] No remotes found in the git config file.
2023-09-02 05:12:24.704 [info] > git config --get commit.template [18ms]
2023-09-02 05:12:24.707 [info] > git for-each-ref --format=%(refname)%00%(upstream:short)%00%(objectname)%00%(upstream:track)%00%(upstream:remotename)%00%(upstream:remoteref) refs/heads/main refs/remotes/main [4ms]
2023-09-02 05:12:24.771 [info] > git status -z -uall [52ms]
2023-09-02 05:12:29.946 [info] No remotes found in the git config file.
2023-09-02 05:12:29.946 [info] > git config --get commit.template [17ms]
2023-09-02 05:12:29.949 [info] > git for-each-ref --format=%(refname)%00%(upstream:short)%00%(objectname)%00%(upstream:track)%00%(upstream:remotename)%00%(upstream:remoteref) refs/heads/main refs/remotes/main [4ms]
2023-09-02 05:12:29.983 [info] > git status -z -uall [23ms]
2023-09-02 05:12:35.071 [info] No remotes found in the git config file.
2023-09-02 05:12:35.073 [info] > git config --get commit.template [19ms]
2023-09-02 05:12:35.076 [info] > git for-each-ref --format=%(refname)%00%(upstream:short)%00%(objectname)%00%(upstream:track)%00%(upstream:remotename)%00%(upstream:remoteref) refs/heads/main refs/remotes/main [5ms]
2023-09-02 05:12:35.115 [info] > git status -z -uall [25ms]
2023-09-02 05:12:40.213 [info] No remotes found in the git config file.
2023-09-02 05:12:40.214 [info] > git config --get commit.template [18ms]
2023-09-02 05:12:40.217 [info] > git for-each-ref --format=%(refname)%00%(upstream:short)%00%(objectname)%00%(upstream:track)%00%(upstream:remotename)%00%(upstream:remoteref) refs/heads/main refs/remotes/main [4ms]
2023-09-02 05:12:40.255 [info] > git status -z -uall [26ms]
2023-09-02 05:12:45.344 [info] No remotes found in the git config file.
2023-09-02 05:12:45.345 [info] > git config --get commit.template [17ms]
2023-09-02 05:12:45.347 [info] > git for-each-ref --format=%(refname)%00%(upstream:short)%00%(objectname)%00%(upstream:track)%00%(upstream:remotename)%00%(upstream:remoteref) refs/heads/main refs/remotes/main [3ms]
2023-09-02 05:12:45.379 [info] > git status -z -uall [20ms]
2023-09-02 05:12:50.447 [info] No remotes found in the git config file.
2023-09-02 05:12:50.448 [info] > git config --get commit.template [16ms]
2023-09-02 05:12:50.450 [info] > git for-each-ref --format=%(refname)%00%(upstream:short)%00%(objectname)%00%(upstream:track)%00%(upstream:remotename)%00%(upstream:remoteref) refs/heads/main refs/remotes/main [4ms]
2023-09-02 05:12:50.480 [info] > git status -z -uall [19ms]
2023-09-02 05:12:55.563 [info] No remotes found in the git config file.
2023-09-02 05:12:55.564 [info] > git config --get commit.template [18ms]
2023-09-02 05:12:55.566 [info] > git for-each-ref --format=%(refname)%00%(upstream:short)%00%(objectname)%00%(upstream:track)%00%(upstream:remotename)%00%(upstream:remoteref) refs/heads/main refs/remotes/main [4ms]
2023-09-02 05:12:55.603 [info] > git status -z -uall [23ms]
2023-09-02 05:13:14.815 [info] No remotes found in the git config file.
2023-09-02 05:13:14.817 [info] > git config --get commit.template [18ms]
2023-09-02 05:13:14.819 [info] > git for-each-ref --format=%(refname)%00%(upstream:short)%00%(objectname)%00%(upstream:track)%00%(upstream:remotename)%00%(upstream:remoteref) refs/heads/main refs/remotes/main [4ms]
2023-09-02 05:13:14.880 [info] > git status -z -uall [45ms]
2023-09-02 05:13:18.942 [info] > git check-ignore -v -z --stdin [4ms]
2023-09-02 05:13:20.145 [info] No remotes found in the git config file.
2023-09-02 05:13:20.148 [info] > git config --get commit.template [14ms]
2023-09-02 05:13:20.151 [info] > git for-each-ref --format=%(refname)%00%(upstream:short)%00%(objectname)%00%(upstream:track)%00%(upstream:remotename)%00%(upstream:remoteref) refs/heads/main refs/remotes/main [5ms]
2023-09-02 05:13:20.205 [info] > git status -z -uall [42ms]
2023-09-02 05:13:25.312 [info] No remotes found in the git config file.
2023-09-02 05:13:25.315 [info] > git for-each-ref --format=%(refname)%00%(upstream:short)%00%(objectname)%00%(upstream:track)%00%(upstream:remotename)%00%(upstream:remoteref) refs/heads/main refs/remotes/main [4ms]
2023-09-02 05:13:25.316 [info] > git config --get commit.template [27ms]
2023-09-02 05:13:25.358 [info] > git status -z -uall [27ms]
2023-09-02 05:13:26.844 [info] > git check-ignore -v -z --stdin [3ms]
2023-09-02 05:13:32.966 [info] No remotes found in the git config file.
2023-09-02 05:13:32.968 [info] > git config --get commit.template [15ms]
2023-09-02 05:13:32.974 [info] > git for-each-ref --format=%(refname)%00%(upstream:short)%00%(objectname)%00%(upstream:track)%00%(upstream:remotename)%00%(upstream:remoteref) refs/heads/main refs/remotes/main [8ms]
2023-09-02 05:13:33.036 [info] > git status -z -uall [46ms]
2023-09-02 05:13:38.152 [info] No remotes found in the git config file.
2023-09-02 05:13:38.154 [info] > git config --get commit.template [17ms]
2023-09-02 05:13:38.156 [info] > git for-each-ref --format=%(refname)%00%(upstream:short)%00%(objectname)%00%(upstream:track)%00%(upstream:remotename)%00%(upstream:remoteref) refs/heads/main refs/remotes/main [4ms]
2023-09-02 05:13:38.190 [info] > git status -z -uall [21ms]
2023-09-02 05:13:43.263 [info] No remotes found in the git config file.
2023-09-02 05:13:43.265 [info] > git config --get commit.template [18ms]
2023-09-02 05:13:43.267 [info] > git for-each-ref --format=%(refname)%00%(upstream:short)%00%(objectname)%00%(upstream:track)%00%(upstream:remotename)%00%(upstream:remoteref) refs/heads/main refs/remotes/main [4ms]
2023-09-02 05:13:43.301 [info] > git status -z -uall [19ms]
2023-09-02 05:13:48.368 [info] No remotes found in the git config file.
2023-09-02 05:13:48.374 [info] > git config --get commit.template [18ms]
2023-09-02 05:13:48.376 [info] > git for-each-ref --format=%(refname)%00%(upstream:short)%00%(objectname)%00%(upstream:track)%00%(upstream:remotename)%00%(upstream:remoteref) refs/heads/main refs/remotes/main [8ms]
2023-09-02 05:13:48.423 [info] > git status -z -uall [24ms]
2023-09-02 05:13:53.485 [info] No remotes found in the git config file.
2023-09-02 05:13:53.497 [info] > git for-each-ref --format=%(refname)%00%(upstream:short)%00%(objectname)%00%(upstream:track)%00%(upstream:remotename)%00%(upstream:remoteref) refs/heads/main refs/remotes/main [13ms]
2023-09-02 05:13:53.497 [info] > git config --get commit.template [26ms]
2023-09-02 05:13:53.524 [info] > git status -z -uall [17ms]
2023-09-02 05:13:58.583 [info] No remotes found in the git config file.
2023-09-02 05:13:58.584 [info] > git config --get commit.template [16ms]
2023-09-02 05:13:58.587 [info] > git for-each-ref --format=%(refname)%00%(upstream:short)%00%(objectname)%00%(upstream:track)%00%(upstream:remotename)%00%(upstream:remoteref) refs/heads/main refs/remotes/main [5ms]
2023-09-02 05:13:58.616 [info] > git status -z -uall [18ms]
2023-09-02 05:14:58.882 [info] No remotes found in the git config file.
2023-09-02 05:14:58.886 [info] > git config --get commit.template [27ms]
2023-09-02 05:14:58.897 [info] > git for-each-ref --format=%(refname)%00%(upstream:short)%00%(objectname)%00%(upstream:track)%00%(upstream:remotename)%00%(upstream:remoteref) refs/heads/main refs/remotes/main [16ms]
2023-09-02 05:14:58.950 [info] > git status -z -uall [31ms]
2023-09-02 05:15:04.064 [info] No remotes found in the git config file.
2023-09-02 05:15:04.066 [info] > git config --get commit.template [30ms]
2023-09-02 05:15:04.069 [info] > git for-each-ref --format=%(refname)%00%(upstream:short)%00%(objectname)%00%(upstream:track)%00%(upstream:remotename)%00%(upstream:remoteref) refs/heads/main refs/remotes/main [5ms]
2023-09-02 05:15:04.114 [info] > git status -z -uall [31ms]
2023-09-02 05:15:09.192 [info] No remotes found in the git config file.
2023-09-02 05:15:09.192 [info] > git config --get commit.template [14ms]
2023-09-02 05:15:09.195 [info] > git for-each-ref --format=%(refname)%00%(upstream:short)%00%(objectname)%00%(upstream:track)%00%(upstream:remotename)%00%(upstream:remoteref) refs/heads/main refs/remotes/main [3ms]
2023-09-02 05:15:09.223 [info] > git status -z -uall [18ms]
2023-09-02 05:15:14.297 [info] No remotes found in the git config file.
2023-09-02 05:15:14.298 [info] > git config --get commit.template [16ms]
2023-09-02 05:15:14.301 [info] > git for-each-ref --format=%(refname)%00%(upstream:short)%00%(objectname)%00%(upstream:track)%00%(upstream:remotename)%00%(upstream:remoteref) refs/heads/main refs/remotes/main [4ms]
2023-09-02 05:15:14.334 [info] > git status -z -uall [21ms]
2023-09-02 05:15:19.411 [info] No remotes found in the git config file.
2023-09-02 05:15:19.412 [info] > git config --get commit.template [15ms]
2023-09-02 05:15:19.415 [info] > git for-each-ref --format=%(refname)%00%(upstream:short)%00%(objectname)%00%(upstream:track)%00%(upstream:remotename)%00%(upstream:remoteref) refs/heads/main refs/remotes/main [4ms]
2023-09-02 05:15:19.452 [info] > git status -z -uall [20ms]
2023-09-02 05:15:24.538 [info] No remotes found in the git config file.
2023-09-02 05:15:24.540 [info] > git config --get commit.template [15ms]
2023-09-02 05:15:24.542 [info] > git for-each-ref --format=%(refname)%00%(upstream:short)%00%(objectname)%00%(upstream:track)%00%(upstream:remotename)%00%(upstream:remoteref) refs/heads/main refs/remotes/main [4ms]
2023-09-02 05:15:24.578 [info] > git status -z -uall [25ms]
2023-09-02 05:15:25.821 [info] > git clone https://github.com/nwaudiovideo/nwav-website.git /home/nwaudiovideo/nwav-website --progress [530ms]
2023-09-02 05:15:25.821 [info] Cloning into '/home/nwaudiovideo/nwav-website'...
remote: Enumerating objects: 4, done.        
remote: Counting objects:  25% (1/4)        remote: Counting objects:  50% (2/4)        remote: Counting objects:  75% (3/4)        remote: Counting objects: 100% (4/4)        remote: Counting objects: 100% (4/4), done.        
remote: Compressing objects:  33% (1/3)        remote: Compressing objects:  66% (2/3)        remote: Compressing objects: 100% (3/3)        remote: Compressing objects: 100% (3/3), done.        
remote: Total 4 (delta 0), reused 0 (delta 0), pack-reused 0        
Receiving objects:  25% (1/4)Receiving objects:  50% (2/4)Receiving objects:  75% (3/4)Receiving objects: 100% (4/4)Receiving objects: 100% (4/4), done.
2023-09-02 05:15:52.002 [info] > git config --get commit.template [31ms]
2023-09-02 05:15:52.019 [info] No remotes found in the git config file.
2023-09-02 05:15:52.023 [info] > git for-each-ref --format=%(refname)%00%(upstream:short)%00%(objectname)%00%(upstream:track)%00%(upstream:remotename)%00%(upstream:remoteref) refs/heads/main refs/remotes/main [4ms]
2023-09-02 05:15:52.062 [info] > git status -z -uall [29ms]
