2023-09-02 05:18:07.400 [info] Extension host with pid 125705 started
2023-09-02 05:18:07.502 [info] Lock '/home/nwaudiovideo/.vscode-server/data/User/workspaceStorage/c5aa22ad37ac6dd1eaf7066237ae0256/vscode.lock': Lock acquired.
2023-09-02 05:18:07.656 [info] ExtensionService#_doActivateExtension vscode.git-base, startup: true, activationEvent: '*', root cause: vscode.git
2023-09-02 05:18:07.795 [info] ExtensionService#_doActivateExtension vscode.git, startup: true, activationEvent: '*'
2023-09-02 05:18:07.795 [info] ExtensionService#_doActivateExtension vscode.github, startup: true, activationEvent: '*'
2023-09-02 05:18:09.027 [info] Eager extensions activated
2023-09-02 05:18:09.030 [info] ExtensionService#_doActivateExtension vscode.debug-auto-launch, startup: false, activationEvent: 'onStartupFinished'
2023-09-02 05:18:09.031 [info] ExtensionService#_doActivateExtension vscode.merge-conflict, startup: false, activationEvent: 'onStartupFinished'
2023-09-02 05:18:10.154 [warning] [Decorations] CAPPING events from decorations provider vscode.git 1674
2023-09-02 05:18:11.395 [info] ExtensionService#_doActivateExtension ms-vscode.js-debug, startup: false, activationEvent: 'onTerminalProfile:extension.js-debug.debugTerminal'
2023-09-02 05:18:11.918 [warning] [Decorations] CAPPING events from decorations provider vscode.git 1674
2023-09-02 05:18:16.824 [warning] [Decorations] CAPPING events from decorations provider vscode.git 1674
2023-09-02 05:18:21.989 [warning] [Decorations] CAPPING events from decorations provider vscode.git 1674
2023-09-02 05:18:27.136 [warning] [Decorations] CAPPING events from decorations provider vscode.git 1674
2023-09-02 05:18:32.269 [warning] [Decorations] CAPPING events from decorations provider vscode.git 1674
2023-09-02 05:18:37.555 [warning] [Decorations] CAPPING events from decorations provider vscode.git 1674
2023-09-02 05:18:42.683 [warning] [Decorations] CAPPING events from decorations provider vscode.git 1674
2023-09-02 05:18:47.963 [warning] [Decorations] CAPPING events from decorations provider vscode.git 1674
2023-09-02 05:18:53.087 [warning] [Decorations] CAPPING events from decorations provider vscode.git 1674
2023-09-02 05:18:58.338 [warning] [Decorations] CAPPING events from decorations provider vscode.git 1674
2023-09-02 05:19:03.471 [warning] [Decorations] CAPPING events from decorations provider vscode.git 1673
2023-09-02 05:19:08.744 [warning] [Decorations] CAPPING events from decorations provider vscode.git 1673
2023-09-02 05:19:13.847 [warning] [Decorations] CAPPING events from decorations provider vscode.git 1673
2023-09-02 05:19:18.962 [warning] [Decorations] CAPPING events from decorations provider vscode.git 1673
2023-09-02 05:19:24.069 [warning] [Decorations] CAPPING events from decorations provider vscode.git 1673
2023-09-02 05:19:29.196 [warning] [Decorations] CAPPING events from decorations provider vscode.git 1673
2023-09-02 05:19:34.353 [warning] [Decorations] CAPPING events from decorations provider vscode.git 1673
2023-09-02 05:19:39.464 [warning] [Decorations] CAPPING events from decorations provider vscode.git 1673
2023-09-02 05:20:01.332 [warning] [Decorations] CAPPING events from decorations provider vscode.git 1673
2023-09-02 05:20:06.551 [warning] [Decorations] CAPPING events from decorations provider vscode.git 1673
